<?xml version="1.0" encoding="UTF-8"?>
<testsuite xmlns:xsi="http://www.w3.org/2001/XMLSchema-instance" xsi:noNamespaceSchemaLocation="https://maven.apache.org/surefire/maven-surefire-plugin/xsd/surefire-test-report-3.0.xsd" version="3.0" name="com.jourd1.jgames.jbedwars.JBedWarsTest" time="0.027" tests="1" errors="0" skipped="0" failures="0">
  <properties>
    <property name="java.specification.version" value="21"/>
    <property name="sun.jnu.encoding" value="UTF-8"/>
    <property name="java.class.path" value="/home/nicolas/projects/jgames/jbedwars/target/test-classes:/home/nicolas/projects/jgames/jbedwars/target/classes:/home/nicolas/.m2/repository/org/spigotmc/spigot-api/1.21.4-R0.1-SNAPSHOT/spigot-api-1.21.4-R0.1-SNAPSHOT.jar:/home/nicolas/.m2/repository/com/google/guava/guava/33.3.1-jre/guava-33.3.1-jre.jar:/home/nicolas/.m2/repository/com/google/guava/failureaccess/1.0.2/failureaccess-1.0.2.jar:/home/nicolas/.m2/repository/com/google/guava/listenablefuture/9999.0-empty-to-avoid-conflict-with-guava/listenablefuture-9999.0-empty-to-avoid-conflict-with-guava.jar:/home/nicolas/.m2/repository/com/google/code/findbugs/jsr305/3.0.2/jsr305-3.0.2.jar:/home/nicolas/.m2/repository/org/checkerframework/checker-qual/3.43.0/checker-qual-3.43.0.jar:/home/nicolas/.m2/repository/com/google/errorprone/error_prone_annotations/2.28.0/error_prone_annotations-2.28.0.jar:/home/nicolas/.m2/repository/com/google/j2objc/j2objc-annotations/3.0.0/j2objc-annotations-3.0.0.jar:/home/nicolas/.m2/repository/com/google/code/gson/gson/2.11.0/gson-2.11.0.jar:/home/nicolas/.m2/repository/org/joml/joml/1.10.8/joml-1.10.8.jar:/home/nicolas/.m2/repository/net/md-5/bungeecord-chat/1.20-R0.2/bungeecord-chat-1.20-R0.2.jar:/home/nicolas/.m2/repository/org/yaml/snakeyaml/2.2/snakeyaml-2.2.jar:/home/nicolas/.m2/repository/junit/junit/4.13.2/junit-4.13.2.jar:/home/nicolas/.m2/repository/org/hamcrest/hamcrest-core/1.3/hamcrest-core-1.3.jar:/home/nicolas/.m2/repository/com/jourd1/jgames/japi/JAPI/0.1/JAPI-0.1.jar:"/>
    <property name="java.vm.vendor" value="Arch Linux"/>
    <property name="sun.arch.data.model" value="64"/>
    <property name="java.vendor.url" value="https://openjdk.org/"/>
    <property name="os.name" value="Linux"/>
    <property name="java.vm.specification.version" value="21"/>
    <property name="sun.java.launcher" value="SUN_STANDARD"/>
    <property name="user.country" value="FR"/>
    <property name="sun.boot.library.path" value="/usr/lib/jvm/java-21-openjdk/lib"/>
    <property name="sun.java.command" value="/home/nicolas/projects/jgames/jbedwars/target/surefire/surefirebooter-20250413163351768_3.jar /home/nicolas/projects/jgames/jbedwars/target/surefire 2025-04-13T16-33-51_715-jvmRun1 surefire-20250413163351768_1tmp surefire_0-20250413163351768_2tmp"/>
    <property name="jdk.debug" value="release"/>
    <property name="surefire.test.class.path" value="/home/nicolas/projects/jgames/jbedwars/target/test-classes:/home/nicolas/projects/jgames/jbedwars/target/classes:/home/nicolas/.m2/repository/org/spigotmc/spigot-api/1.21.4-R0.1-SNAPSHOT/spigot-api-1.21.4-R0.1-SNAPSHOT.jar:/home/nicolas/.m2/repository/com/google/guava/guava/33.3.1-jre/guava-33.3.1-jre.jar:/home/nicolas/.m2/repository/com/google/guava/failureaccess/1.0.2/failureaccess-1.0.2.jar:/home/nicolas/.m2/repository/com/google/guava/listenablefuture/9999.0-empty-to-avoid-conflict-with-guava/listenablefuture-9999.0-empty-to-avoid-conflict-with-guava.jar:/home/nicolas/.m2/repository/com/google/code/findbugs/jsr305/3.0.2/jsr305-3.0.2.jar:/home/nicolas/.m2/repository/org/checkerframework/checker-qual/3.43.0/checker-qual-3.43.0.jar:/home/nicolas/.m2/repository/com/google/errorprone/error_prone_annotations/2.28.0/error_prone_annotations-2.28.0.jar:/home/nicolas/.m2/repository/com/google/j2objc/j2objc-annotations/3.0.0/j2objc-annotations-3.0.0.jar:/home/nicolas/.m2/repository/com/google/code/gson/gson/2.11.0/gson-2.11.0.jar:/home/nicolas/.m2/repository/org/joml/joml/1.10.8/joml-1.10.8.jar:/home/nicolas/.m2/repository/net/md-5/bungeecord-chat/1.20-R0.2/bungeecord-chat-1.20-R0.2.jar:/home/nicolas/.m2/repository/org/yaml/snakeyaml/2.2/snakeyaml-2.2.jar:/home/nicolas/.m2/repository/junit/junit/4.13.2/junit-4.13.2.jar:/home/nicolas/.m2/repository/org/hamcrest/hamcrest-core/1.3/hamcrest-core-1.3.jar:/home/nicolas/.m2/repository/com/jourd1/jgames/japi/JAPI/0.1/JAPI-0.1.jar:"/>
    <property name="sun.cpu.endian" value="little"/>
    <property name="user.home" value="/home/nicolas"/>
    <property name="user.language" value="fr"/>
    <property name="java.specification.vendor" value="Oracle Corporation"/>
    <property name="java.version.date" value="2025-01-21"/>
    <property name="java.home" value="/usr/lib/jvm/java-21-openjdk"/>
    <property name="file.separator" value="/"/>
    <property name="basedir" value="/home/nicolas/projects/jgames/jbedwars"/>
    <property name="java.vm.compressedOopsMode" value="Zero based"/>
    <property name="line.separator" value="&#10;"/>
    <property name="java.specification.name" value="Java Platform API Specification"/>
    <property name="java.vm.specification.vendor" value="Oracle Corporation"/>
    <property name="surefire.real.class.path" value="/home/nicolas/projects/jgames/jbedwars/target/surefire/surefirebooter-20250413163351768_3.jar"/>
    <property name="sun.management.compiler" value="HotSpot 64-Bit Tiered Compilers"/>
    <property name="java.runtime.version" value="21.0.6+7"/>
    <property name="user.name" value="nicolas"/>
    <property name="stdout.encoding" value="UTF-8"/>
    <property name="path.separator" value=":"/>
    <property name="os.version" value="6.14.2-arch1-1"/>
    <property name="java.runtime.name" value="OpenJDK Runtime Environment"/>
    <property name="file.encoding" value="UTF-8"/>
    <property name="java.vm.name" value="OpenJDK 64-Bit Server VM"/>
    <property name="localRepository" value="/home/nicolas/.m2/repository"/>
    <property name="java.vendor.url.bug" value="https://bugreport.java.com/bugreport/"/>
    <property name="java.io.tmpdir" value="/tmp"/>
    <property name="java.version" value="21.0.6"/>
    <property name="user.dir" value="/home/nicolas/projects/jgames/jbedwars"/>
    <property name="os.arch" value="amd64"/>
    <property name="java.vm.specification.name" value="Java Virtual Machine Specification"/>
    <property name="native.encoding" value="UTF-8"/>
    <property name="java.library.path" value="/usr/java/packages/lib:/usr/lib64:/lib64:/lib:/usr/lib"/>
    <property name="java.vm.info" value="mixed mode, sharing"/>
    <property name="stderr.encoding" value="UTF-8"/>
    <property name="java.vendor" value="Arch Linux"/>
    <property name="java.vm.version" value="21.0.6+7"/>
    <property name="sun.io.unicode.encoding" value="UnicodeLittle"/>
    <property name="java.class.version" value="65.0"/>
  </properties>
  <testcase name="shouldAnswerWithTrue" classname="com.jourd1.jgames.jbedwars.JBedWarsTest" time="0.002"/>
</testsuite>